<?xml version="1.0" encoding="UTF-8"?>
<testng-results skipped="0" failed="2" ignored="0" total="6" passed="4">
  <reporter-output>
  </reporter-output>
  <suite name="Surefire suite" duration-ms="324111" started-at="2021-05-21T11:51:37Z" finished-at="2021-05-21T11:57:01Z">
    <groups>
    </groups>
    <test name="Surefire test" duration-ms="324111" started-at="2021-05-21T11:51:37Z" finished-at="2021-05-21T11:57:01Z">
      <class name="PlanPruebasRetrocompatibilidad">
        <test-method status="PASS" signature="setup_Appium()[pri:0, instance:PlanPruebasRetrocompatibilidad@534df152]" name="setup_Appium" is-config="true" duration-ms="12287" started-at="2021-05-21T11:51:24Z" finished-at="2021-05-21T11:51:37Z">
          <reporter-output>
          </reporter-output>
        </test-method> <!-- setup_Appium -->
        <test-method status="PASS" signature="Android_Inicio_01()[pri:1, instance:PlanPruebasRetrocompatibilidad@534df152]" name="Android_Inicio_01" duration-ms="38275" started-at="2021-05-21T11:51:37Z" description="Inicio-01 [Pantalla de Login / Carga de Centros]" finished-at="2021-05-21T11:52:15Z">
          <reporter-output>
          </reporter-output>
        </test-method> <!-- Android_Inicio_01 -->
        <test-method status="PASS" signature="Android_Inicio_02()[pri:2, instance:PlanPruebasRetrocompatibilidad@534df152]" name="Android_Inicio_02" duration-ms="28498" started-at="2021-05-21T11:52:15Z" description="Inicio-02 Pantalla de Inicio / Barra inferior de tareas" finished-at="2021-05-21T11:52:44Z">
          <reporter-output>
          </reporter-output>
        </test-method> <!-- Android_Inicio_02 -->
        <test-method status="PASS" signature="Android_Hospitalizacion_01()[pri:3, instance:PlanPruebasRetrocompatibilidad@534df152]" name="Android_Hospitalizacion_01" duration-ms="20646" started-at="2021-05-21T11:52:44Z" description="Hospitalizacion-01 Login" finished-at="2021-05-21T11:53:04Z">
          <reporter-output>
          </reporter-output>
        </test-method> <!-- Android_Hospitalizacion_01 -->
        <test-method status="PASS" signature="Android_Hospitalizacion_02()[pri:4, instance:PlanPruebasRetrocompatibilidad@534df152]" name="Android_Hospitalizacion_02" duration-ms="150473" started-at="2021-05-21T11:53:04Z" description="Hospitalizacion-03 Filtro_04" finished-at="2021-05-21T11:55:35Z">
          <reporter-output>
          </reporter-output>
        </test-method> <!-- Android_Hospitalizacion_02 -->
        <test-method status="FAIL" signature="Android_Hospitalizacion_04()[pri:5, instance:PlanPruebasRetrocompatibilidad@534df152]" name="Android_Hospitalizacion_04" duration-ms="85965" started-at="2021-05-21T11:55:35Z" description="Hospitalizacion-04 PestaÃ±a Historia" finished-at="2021-05-21T11:57:01Z">
          <exception class="java.lang.AssertionError">
            <message>
              <![CDATA[expected [true] but found [false]]]>
            </message>
            <full-stacktrace>
              <![CDATA[java.lang.AssertionError: expected [true] but found [false]
at org.testng.Assert.fail(Assert.java:96)
at org.testng.Assert.failNotEquals(Assert.java:776)
at org.testng.Assert.assertTrue(Assert.java:44)
at org.testng.Assert.assertTrue(Assert.java:54)
at PHistoriaAndroid.Android_PH_015(PHistoriaAndroid.java:275)
at PlanPruebasRetrocompatibilidad.Android_Hospitalizacion_04(PlanPruebasRetrocompatibilidad.java:256)
at sun.reflect.NativeMethodAccessorImpl.invoke0(Native Method)
at sun.reflect.NativeMethodAccessorImpl.invoke(NativeMethodAccessorImpl.java:62)
at sun.reflect.DelegatingMethodAccessorImpl.invoke(DelegatingMethodAccessorImpl.java:43)
at java.lang.reflect.Method.invoke(Method.java:498)
at org.testng.internal.MethodInvocationHelper.invokeMethod(MethodInvocationHelper.java:124)
at org.testng.internal.Invoker.invokeMethod(Invoker.java:583)
at org.testng.internal.Invoker.invokeTestMethod(Invoker.java:719)
at org.testng.internal.Invoker.invokeTestMethods(Invoker.java:989)
at org.testng.internal.TestMethodWorker.invokeTestMethods(TestMethodWorker.java:125)
at org.testng.internal.TestMethodWorker.run(TestMethodWorker.java:109)
at java.util.concurrent.ThreadPoolExecutor.runWorker(ThreadPoolExecutor.java:1149)
at java.util.concurrent.ThreadPoolExecutor$Worker.run(ThreadPoolExecutor.java:624)
at java.lang.Thread.run(Thread.java:748)
]]>
            </full-stacktrace>
          </exception> <!-- java.lang.AssertionError -->
          <reporter-output>
          </reporter-output>
        </test-method> <!-- Android_Hospitalizacion_04 -->
        <test-method status="FAIL" signature="Android_Hospitalizacion_03()[pri:5, instance:PlanPruebasRetrocompatibilidad@534df152]" name="Android_Hospitalizacion_03" duration-ms="15479" started-at="2021-05-21T11:55:35Z" description="Hospitalizacion-03 Acceso Pacientes" finished-at="2021-05-21T11:55:50Z">
          <exception class="org.openqa.selenium.StaleElementReferenceException">
            <message>
              <![CDATA[The element 'By.id: com.radmas.iycp.casiopea.pre:id/text_search_edit_text' does not exist in DOM anymore
For documentation on this error, please visit: https://www.seleniumhq.org/exceptions/stale_element_reference.html
Build info: version: '3.141.59', revision: 'e82be7d358', time: '2018-11-14T08:17:03'
System info: host: 'GFI12425', ip: '10.160.178.181', os.name: 'Windows 10', os.arch: 'amd64', os.version: '10.0', java.version: '1.8.0_281'
Driver info: io.appium.java_client.android.AndroidDriver
Capabilities {appActivity: com.radmas.iycp.presentatio..., appPackage: com.radmas.iycp.casiopea.pre, automationName: UiAutomator2, databaseEnabled: false, desired: {appActivity: com.radmas.iycp.presentatio..., appPackage: com.radmas.iycp.casiopea.pre, automationName: UiAutomator2, deviceName: emulator-5554, platformName: android, platformVersion: 9}, deviceApiLevel: 28, deviceManufacturer: Google, deviceModel: AOSP on IA Emulator, deviceName: emulator-5554, deviceScreenDensity: 240, deviceScreenSize: 720x1520, deviceUDID: emulator-5554, javascriptEnabled: true, locationContextEnabled: false, networkConnectionEnabled: true, pixelRatio: 1.5, platform: LINUX, platformName: Android, platformVersion: 9, statBarHeight: 36, takesScreenshot: true, viewportRect: {height: 1412, left: 0, top: 36, width: 720}, warnings: {}, webStorageEnabled: false}
Session ID: 77530b88-d993-4a06-85e6-2ab60b6080be]]>
            </message>
            <full-stacktrace>
              <![CDATA[org.openqa.selenium.StaleElementReferenceException: The element 'By.id: com.radmas.iycp.casiopea.pre:id/text_search_edit_text' does not exist in DOM anymore
For documentation on this error, please visit: https://www.seleniumhq.org/exceptions/stale_element_reference.html
Build info: version: '3.141.59', revision: 'e82be7d358', time: '2018-11-14T08:17:03'
System info: host: 'GFI12425', ip: '10.160.178.181', os.name: 'Windows 10', os.arch: 'amd64', os.version: '10.0', java.version: '1.8.0_281'
Driver info: io.appium.java_client.android.AndroidDriver
Capabilities {appActivity: com.radmas.iycp.presentatio..., appPackage: com.radmas.iycp.casiopea.pre, automationName: UiAutomator2, databaseEnabled: false, desired: {appActivity: com.radmas.iycp.presentatio..., appPackage: com.radmas.iycp.casiopea.pre, automationName: UiAutomator2, deviceName: emulator-5554, platformName: android, platformVersion: 9}, deviceApiLevel: 28, deviceManufacturer: Google, deviceModel: AOSP on IA Emulator, deviceName: emulator-5554, deviceScreenDensity: 240, deviceScreenSize: 720x1520, deviceUDID: emulator-5554, javascriptEnabled: true, locationContextEnabled: false, networkConnectionEnabled: true, pixelRatio: 1.5, platform: LINUX, platformName: Android, platformVersion: 9, statBarHeight: 36, takesScreenshot: true, viewportRect: {height: 1412, left: 0, top: 36, width: 720}, warnings: {}, webStorageEnabled: false}
Session ID: 77530b88-d993-4a06-85e6-2ab60b6080be
at sun.reflect.NativeConstructorAccessorImpl.newInstance0(Native Method)
at sun.reflect.NativeConstructorAccessorImpl.newInstance(NativeConstructorAccessorImpl.java:62)
at sun.reflect.DelegatingConstructorAccessorImpl.newInstance(DelegatingConstructorAccessorImpl.java:45)
at java.lang.reflect.Constructor.newInstance(Constructor.java:423)
at org.openqa.selenium.remote.http.W3CHttpResponseCodec.createException(W3CHttpResponseCodec.java:187)
at org.openqa.selenium.remote.http.W3CHttpResponseCodec.decode(W3CHttpResponseCodec.java:122)
at org.openqa.selenium.remote.http.W3CHttpResponseCodec.decode(W3CHttpResponseCodec.java:49)
at org.openqa.selenium.remote.HttpCommandExecutor.execute(HttpCommandExecutor.java:158)
at io.appium.java_client.remote.AppiumCommandExecutor.execute(AppiumCommandExecutor.java:239)
at org.openqa.selenium.remote.RemoteWebDriver.execute(RemoteWebDriver.java:552)
at io.appium.java_client.DefaultGenericMobileDriver.execute(DefaultGenericMobileDriver.java:42)
at io.appium.java_client.AppiumDriver.execute(AppiumDriver.java:1)
at io.appium.java_client.android.AndroidDriver.execute(AndroidDriver.java:1)
at org.openqa.selenium.remote.RemoteWebElement.execute(RemoteWebElement.java:285)
at io.appium.java_client.DefaultGenericMobileElement.execute(DefaultGenericMobileElement.java:45)
at io.appium.java_client.MobileElement.execute(MobileElement.java:1)
at io.appium.java_client.android.AndroidElement.execute(AndroidElement.java:1)
at org.openqa.selenium.remote.RemoteWebElement.click(RemoteWebElement.java:84)
at Actions.PacienteActions.BuscarPaciente(PacienteActions.java:29)
at PacienteAndroid.Android_P_010(PacienteAndroid.java:156)
at PlanPruebasRetrocompatibilidad.Android_Hospitalizacion_03(PlanPruebasRetrocompatibilidad.java:215)
at sun.reflect.NativeMethodAccessorImpl.invoke0(Native Method)
at sun.reflect.NativeMethodAccessorImpl.invoke(NativeMethodAccessorImpl.java:62)
at sun.reflect.DelegatingMethodAccessorImpl.invoke(DelegatingMethodAccessorImpl.java:43)
at java.lang.reflect.Method.invoke(Method.java:498)
at org.testng.internal.MethodInvocationHelper.invokeMethod(MethodInvocationHelper.java:124)
at org.testng.internal.Invoker.invokeMethod(Invoker.java:583)
at org.testng.internal.Invoker.invokeTestMethod(Invoker.java:719)
at org.testng.internal.Invoker.invokeTestMethods(Invoker.java:989)
at org.testng.internal.TestMethodWorker.invokeTestMethods(TestMethodWorker.java:125)
at org.testng.internal.TestMethodWorker.run(TestMethodWorker.java:109)
at java.util.concurrent.ThreadPoolExecutor.runWorker(ThreadPoolExecutor.java:1149)
at java.util.concurrent.ThreadPoolExecutor$Worker.run(ThreadPoolExecutor.java:624)
at java.lang.Thread.run(Thread.java:748)
]]>
            </full-stacktrace>
          </exception> <!-- org.openqa.selenium.StaleElementReferenceException -->
          <reporter-output>
          </reporter-output>
        </test-method> <!-- Android_Hospitalizacion_03 -->
        <test-method status="PASS" signature="Close_App()[pri:0, instance:PlanPruebasRetrocompatibilidad@534df152]" name="Close_App" is-config="true" duration-ms="535" started-at="2021-05-21T11:57:01Z" finished-at="2021-05-21T11:57:01Z">
          <reporter-output>
          </reporter-output>
        </test-method> <!-- Close_App -->
      </class> <!-- PlanPruebasRetrocompatibilidad -->
    </test> <!-- Surefire test -->
  </suite> <!-- Surefire suite -->
</testng-results>
