<?xml version="1.0" encoding="UTF-8"?>
<!-- Generated by org.testng.reporters.JUnitReportReporter -->
<testsuite skipped="0" hostname="GFI12425" name="PlanPruebasRetrocompatibilidad" tests="6" failures="1" timestamp="21 may 2021 11:57:01 GMT" time="339.336" errors="1">
  <testcase name="Android_Inicio_01" time="38.275" classname="PlanPruebasRetrocompatibilidad"/>
  <testcase name="Android_Inicio_02" time="28.498" classname="PlanPruebasRetrocompatibilidad"/>
  <testcase name="Android_Hospitalizacion_01" time="20.646" classname="PlanPruebasRetrocompatibilidad"/>
  <testcase name="Android_Hospitalizacion_02" time="150.473" classname="PlanPruebasRetrocompatibilidad"/>
  <testcase name="Android_Hospitalizacion_04" time="85.965" classname="PlanPruebasRetrocompatibilidad">
    <failure type="java.lang.AssertionError" message="expected [true] but found [false]">
      <![CDATA[java.lang.AssertionError: expected [true] but found [false]
at org.testng.Assert.fail(Assert.java:96)
at org.testng.Assert.failNotEquals(Assert.java:776)
at org.testng.Assert.assertTrue(Assert.java:44)
at org.testng.Assert.assertTrue(Assert.java:54)
at PHistoriaAndroid.Android_PH_015(PHistoriaAndroid.java:275)
at PlanPruebasRetrocompatibilidad.Android_Hospitalizacion_04(PlanPruebasRetrocompatibilidad.java:256)
at sun.reflect.NativeMethodAccessorImpl.invoke0(Native Method)
at sun.reflect.NativeMethodAccessorImpl.invoke(NativeMethodAccessorImpl.java:62)
at sun.reflect.DelegatingMethodAccessorImpl.invoke(DelegatingMethodAccessorImpl.java:43)
at java.lang.reflect.Method.invoke(Method.java:498)
at org.testng.internal.MethodInvocationHelper.invokeMethod(MethodInvocationHelper.java:124)
at org.testng.internal.Invoker.invokeMethod(Invoker.java:583)
at org.testng.internal.Invoker.invokeTestMethod(Invoker.java:719)
at org.testng.internal.Invoker.invokeTestMethods(Invoker.java:989)
at org.testng.internal.TestMethodWorker.invokeTestMethods(TestMethodWorker.java:125)
at org.testng.internal.TestMethodWorker.run(TestMethodWorker.java:109)
at java.util.concurrent.ThreadPoolExecutor.runWorker(ThreadPoolExecutor.java:1149)
at java.util.concurrent.ThreadPoolExecutor$Worker.run(ThreadPoolExecutor.java:624)
at java.lang.Thread.run(Thread.java:748)
]]>
    </failure>
  </testcase> <!-- Android_Hospitalizacion_04 -->
  <testcase name="Android_Hospitalizacion_03" time="15.479" classname="PlanPruebasRetrocompatibilidad">
    <error type="org.openqa.selenium.StaleElementReferenceException" message="The element &#039;By.id: com.radmas.iycp.casiopea.pre:id/text_search_edit_text&#039; does not exist in DOM anymore
For documentation on this error, please visit: https://www.seleniumhq.org/exceptions/stale_element_reference.html
Build info: version: &#039;3.141.59&#039;, revision: &#039;e82be7d358&#039;, time: &#039;2018-11-14T08:17:03&#039;
System info: host: &#039;GFI12425&#039;, ip: &#039;10.160.178.181&#039;, os.name: &#039;Windows 10&#039;, os.arch: &#039;amd64&#039;, os.version: &#039;10.0&#039;, java.version: &#039;1.8.0_281&#039;
Driver info: io.appium.java_client.android.AndroidDriver
Capabilities {appActivity: com.radmas.iycp.presentatio..., appPackage: com.radmas.iycp.casiopea.pre, automationName: UiAutomator2, databaseEnabled: false, desired: {appActivity: com.radmas.iycp.presentatio..., appPackage: com.radmas.iycp.casiopea.pre, automationName: UiAutomator2, deviceName: emulator-5554, platformName: android, platformVersion: 9}, deviceApiLevel: 28, deviceManufacturer: Google, deviceModel: AOSP on IA Emulator, deviceName: emulator-5554, deviceScreenDensity: 240, deviceScreenSize: 720x1520, deviceUDID: emulator-5554, javascriptEnabled: true, locationContextEnabled: false, networkConnectionEnabled: true, pixelRatio: 1.5, platform: LINUX, platformName: Android, platformVersion: 9, statBarHeight: 36, takesScreenshot: true, viewportRect: {height: 1412, left: 0, top: 36, width: 720}, warnings: {}, webStorageEnabled: false}
Session ID: 77530b88-d993-4a06-85e6-2ab60b6080be">
      <![CDATA[org.openqa.selenium.StaleElementReferenceException: The element 'By.id: com.radmas.iycp.casiopea.pre:id/text_search_edit_text' does not exist in DOM anymore
For documentation on this error, please visit: https://www.seleniumhq.org/exceptions/stale_element_reference.html
Build info: version: '3.141.59', revision: 'e82be7d358', time: '2018-11-14T08:17:03'
System info: host: 'GFI12425', ip: '10.160.178.181', os.name: 'Windows 10', os.arch: 'amd64', os.version: '10.0', java.version: '1.8.0_281'
Driver info: io.appium.java_client.android.AndroidDriver
Capabilities {appActivity: com.radmas.iycp.presentatio..., appPackage: com.radmas.iycp.casiopea.pre, automationName: UiAutomator2, databaseEnabled: false, desired: {appActivity: com.radmas.iycp.presentatio..., appPackage: com.radmas.iycp.casiopea.pre, automationName: UiAutomator2, deviceName: emulator-5554, platformName: android, platformVersion: 9}, deviceApiLevel: 28, deviceManufacturer: Google, deviceModel: AOSP on IA Emulator, deviceName: emulator-5554, deviceScreenDensity: 240, deviceScreenSize: 720x1520, deviceUDID: emulator-5554, javascriptEnabled: true, locationContextEnabled: false, networkConnectionEnabled: true, pixelRatio: 1.5, platform: LINUX, platformName: Android, platformVersion: 9, statBarHeight: 36, takesScreenshot: true, viewportRect: {height: 1412, left: 0, top: 36, width: 720}, warnings: {}, webStorageEnabled: false}
Session ID: 77530b88-d993-4a06-85e6-2ab60b6080be
at sun.reflect.NativeConstructorAccessorImpl.newInstance0(Native Method)
at sun.reflect.NativeConstructorAccessorImpl.newInstance(NativeConstructorAccessorImpl.java:62)
at sun.reflect.DelegatingConstructorAccessorImpl.newInstance(DelegatingConstructorAccessorImpl.java:45)
at java.lang.reflect.Constructor.newInstance(Constructor.java:423)
at org.openqa.selenium.remote.http.W3CHttpResponseCodec.createException(W3CHttpResponseCodec.java:187)
at org.openqa.selenium.remote.http.W3CHttpResponseCodec.decode(W3CHttpResponseCodec.java:122)
at org.openqa.selenium.remote.http.W3CHttpResponseCodec.decode(W3CHttpResponseCodec.java:49)
at org.openqa.selenium.remote.HttpCommandExecutor.execute(HttpCommandExecutor.java:158)
at io.appium.java_client.remote.AppiumCommandExecutor.execute(AppiumCommandExecutor.java:239)
at org.openqa.selenium.remote.RemoteWebDriver.execute(RemoteWebDriver.java:552)
at io.appium.java_client.DefaultGenericMobileDriver.execute(DefaultGenericMobileDriver.java:42)
at io.appium.java_client.AppiumDriver.execute(AppiumDriver.java:1)
at io.appium.java_client.android.AndroidDriver.execute(AndroidDriver.java:1)
at org.openqa.selenium.remote.RemoteWebElement.execute(RemoteWebElement.java:285)
at io.appium.java_client.DefaultGenericMobileElement.execute(DefaultGenericMobileElement.java:45)
at io.appium.java_client.MobileElement.execute(MobileElement.java:1)
at io.appium.java_client.android.AndroidElement.execute(AndroidElement.java:1)
at org.openqa.selenium.remote.RemoteWebElement.click(RemoteWebElement.java:84)
at Actions.PacienteActions.BuscarPaciente(PacienteActions.java:29)
at PacienteAndroid.Android_P_010(PacienteAndroid.java:156)
at PlanPruebasRetrocompatibilidad.Android_Hospitalizacion_03(PlanPruebasRetrocompatibilidad.java:215)
at sun.reflect.NativeMethodAccessorImpl.invoke0(Native Method)
at sun.reflect.NativeMethodAccessorImpl.invoke(NativeMethodAccessorImpl.java:62)
at sun.reflect.DelegatingMethodAccessorImpl.invoke(DelegatingMethodAccessorImpl.java:43)
at java.lang.reflect.Method.invoke(Method.java:498)
at org.testng.internal.MethodInvocationHelper.invokeMethod(MethodInvocationHelper.java:124)
at org.testng.internal.Invoker.invokeMethod(Invoker.java:583)
at org.testng.internal.Invoker.invokeTestMethod(Invoker.java:719)
at org.testng.internal.Invoker.invokeTestMethods(Invoker.java:989)
at org.testng.internal.TestMethodWorker.invokeTestMethods(TestMethodWorker.java:125)
at org.testng.internal.TestMethodWorker.run(TestMethodWorker.java:109)
at java.util.concurrent.ThreadPoolExecutor.runWorker(ThreadPoolExecutor.java:1149)
at java.util.concurrent.ThreadPoolExecutor$Worker.run(ThreadPoolExecutor.java:624)
at java.lang.Thread.run(Thread.java:748)
]]>
    </error>
  </testcase> <!-- Android_Hospitalizacion_03 -->
</testsuite> <!-- PlanPruebasRetrocompatibilidad -->
